2016-06-07 18:15:19 ERROR Main:38 - A file path that is implicitly relative to the current working directory is not allowed in the database URL "jdbc:h2:twibot". Use an absolute path, ~/name, ./name, or the baseDir setting instead. [90011-192]
org.h2.jdbc.JdbcSQLException: A file path that is implicitly relative to the current working directory is not allowed in the database URL "jdbc:h2:twibot". Use an absolute path, ~/name, ./name, or the baseDir setting instead. [90011-192]
	at org.h2.message.DbException.getJdbcSQLException(DbException.java:345)
	at org.h2.message.DbException.get(DbException.java:179)
	at org.h2.message.DbException.get(DbException.java:155)
	at org.h2.engine.ConnectionInfo.getName(ConnectionInfo.java:400)
	at org.h2.engine.Engine.openSession(Engine.java:49)
	at org.h2.engine.Engine.openSession(Engine.java:176)
	at org.h2.engine.Engine.createSessionAndValidate(Engine.java:154)
	at org.h2.engine.Engine.createSession(Engine.java:137)
	at org.h2.engine.Engine.createSession(Engine.java:27)
	at org.h2.engine.SessionRemote.connectEmbeddedOrServer(SessionRemote.java:349)
	at org.h2.jdbc.JdbcConnection.<init>(JdbcConnection.java:118)
	at org.h2.jdbc.JdbcConnection.<init>(JdbcConnection.java:102)
	at org.h2.Driver.connect(Driver.java:72)
	at java.sql.DriverManager.getConnection(DriverManager.java:664)
	at java.sql.DriverManager.getConnection(DriverManager.java:247)
	at id.yohanes.twibot.Main.createDbIfNotExist(Main.java:23)
	at id.yohanes.twibot.Main.main(Main.java:32)
	at sun.reflect.NativeMethodAccessorImpl.invoke0(Native Method)
	at sun.reflect.NativeMethodAccessorImpl.invoke(NativeMethodAccessorImpl.java:62)
	at sun.reflect.DelegatingMethodAccessorImpl.invoke(DelegatingMethodAccessorImpl.java:43)
	at java.lang.reflect.Method.invoke(Method.java:498)
	at com.intellij.rt.execution.application.AppMain.main(AppMain.java:144)
2016-06-07 18:16:09 INFO  Main:24 - Database connection OK
2016-06-07 18:19:15 INFO  Main:24 - Database connection OK
2016-06-07 18:30:00 INFO  Main:32 - CREATE TABLE tweet(id VARCHAR(30) NOT NULL, username VARCHAR(30) NOT NULL, text VARCHAR(160) NOT NULL, replied BOOLEAN NOT NULL, created_date DATE NOT NULL, PRIMARY KEY (id) )
2016-06-07 18:30:00 INFO  Main:35 - Database creation OK
2016-06-07 18:37:16 INFO  Main:33 - CREATE TABLE IF NOT EXISTS tweet(id VARCHAR(30) NOT NULL, username VARCHAR(30) NOT NULL, text VARCHAR(160) NOT NULL, replied BOOLEAN NOT NULL, created_date DATE NOT NULL, PRIMARY KEY (id) )
2016-06-07 18:37:16 INFO  Main:35 - Database creation OK
2016-06-07 18:37:55 INFO  Main:33 - CREATE TABLE IF NOT EXISTS tweet(id VARCHAR(30) NOT NULL, username VARCHAR(30) NOT NULL, text VARCHAR(160) NOT NULL, replied BOOLEAN NOT NULL, created_date DATE NOT NULL, PRIMARY KEY (id) )
2016-06-07 18:37:55 INFO  Main:35 - Database creation: false
2016-06-07 19:02:27 INFO  Main:38 - CREATE TABLE IF NOT EXISTS tweet(id BIGINT NOT NULL, username VARCHAR(30) NOT NULL, text VARCHAR(160) NOT NULL, replied BOOLEAN NOT NULL, created_date DATE NOT NULL, PRIMARY KEY (id) )
2016-06-07 19:02:27 INFO  Main:40 - Database creation: false
2016-06-07 19:02:29 ERROR Main:101 - 
java.lang.NullPointerException
	at id.yohanes.twibot.Main.main(Main.java:94)
	at sun.reflect.NativeMethodAccessorImpl.invoke0(Native Method)
	at sun.reflect.NativeMethodAccessorImpl.invoke(NativeMethodAccessorImpl.java:62)
	at sun.reflect.DelegatingMethodAccessorImpl.invoke(DelegatingMethodAccessorImpl.java:43)
	at java.lang.reflect.Method.invoke(Method.java:498)
	at com.intellij.rt.execution.application.AppMain.main(AppMain.java:144)
2016-06-07 19:03:30 INFO  Main:38 - CREATE TABLE IF NOT EXISTS tweet(id BIGINT NOT NULL, username VARCHAR(30) NOT NULL, text VARCHAR(160) NOT NULL, replied BOOLEAN NOT NULL, created_date DATE NOT NULL, PRIMARY KEY (id) )
2016-06-07 19:03:30 INFO  Main:40 - Database creation: false
2016-06-07 19:03:32 INFO  Main:96 - 738607817116909568 Kawal & Pantau Harga:@yohanesgultom terimakasih atas laporannya
2016-06-07 19:03:32 INFO  Main:96 - 731647508619763712 Telkom Care:@yohanesgultom Hai Pak Yohanes, saat ini kami hanya menyediakan channel yg sdh ditentukan. Utk info cek di https://t.co/UGge0AqVU1 ^AA
2016-06-07 19:03:32 INFO  Main:96 - 728003423807918080 BNI:@yohanesgultom baik terimakasih atas informasi yang diberikan
2016-06-07 19:03:32 INFO  Main:96 - 718072133889298434 AQUA:@yohanesgultom Perlu Cinta ingetin buat minum AQUA? #AdaAQUA https://t.co/L5wS7Wy2hz
2016-06-07 19:03:32 INFO  Main:96 - 694844631847022593 Cloud Kilat:@yohanesgultom ada dokumen yg blm lengkap gan
2016-06-07 19:03:32 INFO  Main:96 - 684577399070015488 Willy F. Candra:@yohanesgultom Halo yohanes.. I sent you an email to your gmail. Feel free to take a look, thank you :)
2016-06-07 19:03:32 INFO  Main:96 - 682153033254461440 intan sari:@yohanesgultom sudah lama menikah tp belum diberi keturunan?ini ada panduan bagus ,silahkan di coba>>https://t.co/aLm9HDEIxb  #tipshamil
2016-06-07 19:03:32 INFO  Main:96 - 673265708231364609 Fani hanipa:Wow.. @yohanesgultom  Akhirnya TERUNGKAP! Metode belajar bahasa inggris super cepat! Info>> https://t.co/aktQWC7kTf
2016-06-07 19:03:32 INFO  Main:96 - 670971112302489602 Septian Ahmad R S:Newest Download-Freebies/Giveaway is out! https://t.co/c2HVtbxkLw Stories via @yohanesgultom @manualdownloads @faydeals
2016-06-07 19:03:32 INFO  Main:96 - 670124887982256128 Leonardo:@yohanesgultom damn. "Yes. All prices displayed are inclusive of import/customs duties and taxes."
2016-06-07 19:03:32 INFO  Main:96 - 670124035850633216 Leonardo:@yohanesgultom selain itu biaya pajak masuk juga mahal banget kan ya?
2016-06-07 19:03:32 INFO  Main:96 - 669472665871196160 Telkom Care:@yohanesgultom Terimakasih atas saran & supportnya Pak. Kami akan mengevaluasi kembali agar memberikan pelayanan yg terbaik kedepannya. ^DL
2016-06-07 19:03:32 INFO  Main:96 - 669453359527682048 Telkom Care:@yohanesgultom Sdh kami bantu koordinasikan ya Pak Yohanes, ditunggu perbaikannya. Trims ^MM
2016-06-07 19:03:32 INFO  Main:96 - 669421358032560128 Telkom Care:@yohanesgultom Siang Pak Yohanes, untuk kendalanya Kami bantu follow up agar segera tersolusikan ya. ^CN
2016-06-07 19:03:32 INFO  Main:96 - 669420175423365120 Telkom Care:@yohanesgultom Terkait kendala-nya sudah kami bantu koordinasikan kembali laporannya ya Pak agar segera tersolusikan.  ^DA
2016-06-07 19:03:32 INFO  Main:96 - 669420136546308096 Telkom Care:@yohanesgultom Siang Pak Yohanes, terkait kendalanya sudah Kami bantu follow up. Kami upayakan percepatan perbaikannya ya. Trims :) ^DD
2016-06-07 19:03:32 INFO  Main:96 - 669378903492825092 Claus Sibarani:Ayo ikuti kuis dari @YamahaIndonesia berhadiah #MeForMioM3 & pulsa @davidgultom @shintauligtm13 @yohanesgultom @GultomKrissel @perisgultom
2016-06-07 19:03:32 INFO  Main:96 - 669183480245260288 Telkom Care:@yohanesgultom Sudah kami bantu follow up utk percepatannya Pak Yohanes, ditunggu perbaikannya ya. Thx ^IS
2016-06-07 19:03:32 INFO  Main:62 - 18 new tweet inserted
2016-06-07 19:04:21 INFO  Main:38 - CREATE TABLE IF NOT EXISTS tweet(id BIGINT NOT NULL, username VARCHAR(30) NOT NULL, text VARCHAR(160) NOT NULL, replied BOOLEAN NOT NULL, created_date DATE NOT NULL, PRIMARY KEY (id) )
2016-06-07 19:04:21 INFO  Main:40 - Database creation: false
2016-06-07 19:04:21 INFO  Main:91 - Last tweet id: 738607817116909568
2016-06-07 19:04:22 WARN  Main:59 - Unique index or primary key violation: "PRIMARY KEY ON PUBLIC.TWEET(ID)"; SQL statement:
INSERT INTO tweet(id, username, text, replied, created_date) VALUES(?,?,?,?,?) [23505-192]
2016-06-07 19:04:22 WARN  Main:59 - Unique index or primary key violation: "PRIMARY KEY ON PUBLIC.TWEET(ID)"; SQL statement:
INSERT INTO tweet(id, username, text, replied, created_date) VALUES(?,?,?,?,?) [23505-192]
2016-06-07 19:04:22 WARN  Main:59 - Unique index or primary key violation: "PRIMARY KEY ON PUBLIC.TWEET(ID)"; SQL statement:
INSERT INTO tweet(id, username, text, replied, created_date) VALUES(?,?,?,?,?) [23505-192]
2016-06-07 19:04:22 WARN  Main:59 - Unique index or primary key violation: "PRIMARY KEY ON PUBLIC.TWEET(ID)"; SQL statement:
INSERT INTO tweet(id, username, text, replied, created_date) VALUES(?,?,?,?,?) [23505-192]
2016-06-07 19:04:22 WARN  Main:59 - Unique index or primary key violation: "PRIMARY KEY ON PUBLIC.TWEET(ID)"; SQL statement:
INSERT INTO tweet(id, username, text, replied, created_date) VALUES(?,?,?,?,?) [23505-192]
2016-06-07 19:04:22 WARN  Main:59 - Unique index or primary key violation: "PRIMARY KEY ON PUBLIC.TWEET(ID)"; SQL statement:
INSERT INTO tweet(id, username, text, replied, created_date) VALUES(?,?,?,?,?) [23505-192]
2016-06-07 19:04:22 WARN  Main:59 - Unique index or primary key violation: "PRIMARY KEY ON PUBLIC.TWEET(ID)"; SQL statement:
INSERT INTO tweet(id, username, text, replied, created_date) VALUES(?,?,?,?,?) [23505-192]
2016-06-07 19:04:22 WARN  Main:59 - Unique index or primary key violation: "PRIMARY KEY ON PUBLIC.TWEET(ID)"; SQL statement:
INSERT INTO tweet(id, username, text, replied, created_date) VALUES(?,?,?,?,?) [23505-192]
2016-06-07 19:04:22 WARN  Main:59 - Unique index or primary key violation: "PRIMARY KEY ON PUBLIC.TWEET(ID)"; SQL statement:
INSERT INTO tweet(id, username, text, replied, created_date) VALUES(?,?,?,?,?) [23505-192]
2016-06-07 19:04:22 WARN  Main:59 - Unique index or primary key violation: "PRIMARY KEY ON PUBLIC.TWEET(ID)"; SQL statement:
INSERT INTO tweet(id, username, text, replied, created_date) VALUES(?,?,?,?,?) [23505-192]
2016-06-07 19:04:22 WARN  Main:59 - Unique index or primary key violation: "PRIMARY KEY ON PUBLIC.TWEET(ID)"; SQL statement:
INSERT INTO tweet(id, username, text, replied, created_date) VALUES(?,?,?,?,?) [23505-192]
2016-06-07 19:04:22 WARN  Main:59 - Unique index or primary key violation: "PRIMARY KEY ON PUBLIC.TWEET(ID)"; SQL statement:
INSERT INTO tweet(id, username, text, replied, created_date) VALUES(?,?,?,?,?) [23505-192]
2016-06-07 19:04:22 WARN  Main:59 - Unique index or primary key violation: "PRIMARY KEY ON PUBLIC.TWEET(ID)"; SQL statement:
INSERT INTO tweet(id, username, text, replied, created_date) VALUES(?,?,?,?,?) [23505-192]
2016-06-07 19:04:22 WARN  Main:59 - Unique index or primary key violation: "PRIMARY KEY ON PUBLIC.TWEET(ID)"; SQL statement:
INSERT INTO tweet(id, username, text, replied, created_date) VALUES(?,?,?,?,?) [23505-192]
2016-06-07 19:04:22 WARN  Main:59 - Unique index or primary key violation: "PRIMARY KEY ON PUBLIC.TWEET(ID)"; SQL statement:
INSERT INTO tweet(id, username, text, replied, created_date) VALUES(?,?,?,?,?) [23505-192]
2016-06-07 19:04:22 WARN  Main:59 - Unique index or primary key violation: "PRIMARY KEY ON PUBLIC.TWEET(ID)"; SQL statement:
INSERT INTO tweet(id, username, text, replied, created_date) VALUES(?,?,?,?,?) [23505-192]
2016-06-07 19:04:22 WARN  Main:59 - Unique index or primary key violation: "PRIMARY KEY ON PUBLIC.TWEET(ID)"; SQL statement:
INSERT INTO tweet(id, username, text, replied, created_date) VALUES(?,?,?,?,?) [23505-192]
2016-06-07 19:04:22 WARN  Main:59 - Unique index or primary key violation: "PRIMARY KEY ON PUBLIC.TWEET(ID)"; SQL statement:
INSERT INTO tweet(id, username, text, replied, created_date) VALUES(?,?,?,?,?) [23505-192]
2016-06-07 19:04:22 INFO  Main:62 - 0 new tweet inserted
2016-06-07 19:06:34 INFO  Main:38 - CREATE TABLE IF NOT EXISTS tweet(id BIGINT NOT NULL, username VARCHAR(30) NOT NULL, text VARCHAR(160) NOT NULL, replied BOOLEAN NOT NULL, created_date DATE NOT NULL, PRIMARY KEY (id) )
2016-06-07 19:06:34 INFO  Main:40 - Database creation: false
2016-06-07 19:06:34 INFO  Main:91 - Last tweet id: 738607817116909568
2016-06-07 19:06:36 INFO  Main:62 - 0 new tweet inserted
2016-06-07 19:07:16 INFO  Main:40 - Database creation: false
2016-06-07 19:07:16 INFO  Main:91 - Last tweet id: 738607817116909568
2016-06-07 19:07:17 INFO  Main:62 - 0 new tweet inserted
2016-06-07 19:59:09 INFO  Main:69 - Database creation: false
2016-06-07 19:59:09 INFO  Main:120 - Last tweet id: 0
2016-06-07 19:59:11 INFO  Main:126 - 740166146561708032 Media Sosial:@yohanesgultom hello
2016-06-07 19:59:11 INFO  Main:128 - Reply: I have no answer for that.
2016-06-07 19:59:11 INFO  Main:130 - Reply status: StatusJSONImpl{createdAt=Tue Jun 07 19:59:11 WIB 2016, id=740166211741175808, text='@medi4sosial I have no answer for that.', source='<a href="http://yohanes.gultom.me" rel="nofollow">Twibot ALICE</a>', isTruncated=false, inReplyToStatusId=-1, inReplyToUserId=714254912146640896, isFavorited=false, isRetweeted=false, favoriteCount=0, inReplyToScreenName='medi4sosial', geoLocation=null, place=null, retweetCount=0, isPossiblySensitive=false, lang='en', contributorsIDs=[], retweetedStatus=null, userMentionEntities=[UserMentionEntityJSONImpl{name='Media Sosial', screenName='medi4sosial', id=714254912146640896}], urlEntities=[], hashtagEntities=[], mediaEntities=[], symbolEntities=[], currentUserRetweetId=-1, user=UserJSONImpl{id=85216696, name='Yohanes Gultom', screenName='yohanesgultom', location='Indonesia', description='Yohanan -Yəhôḥānān : Jehovah is gracious. Software engineer & technology enthusiast', isContributorsEnabled=false, profileImageUrl='http://pbs.twimg.com/profile_images/487200338387038208/-nigI7Q5_normal.jpeg', profileImageUrlHttps='https://pbs.twimg.com/profile_images/487200338387038208/-nigI7Q5_normal.jpeg', isDefaultProfileImage=false, url='http://t.co/3ffoAxfO4S', isProtected=false, followersCount=634, status=null, profileBackgroundColor='022330', profileTextColor='333333', profileLinkColor='0084B4', profileSidebarFillColor='C0DFEC', profileSidebarBorderColor='A8C7F7', profileUseBackgroundImage=true, isDefaultProfile=false, showAllInlineMedia=false, friendsCount=512, createdAt=Mon Oct 26 09:12:27 WIB 2009, favouritesCount=10, utcOffset=25200, timeZone='Jakarta', profileBackgroundImageUrl='http://pbs.twimg.com/profile_background_images/49621557/lion_tribe_judah.jpg', profileBackgroundImageUrlHttps='https://pbs.twimg.com/profile_background_images/49621557/lion_tribe_judah.jpg', profileBackgroundTiled=false, lang='en', statusesCount=4977, isGeoEnabled=true, isVerified=false, translator=false, listedCount=18, isFollowRequestSent=false, withheldInCountries=null}, withHeldInCountries=null, quotedStatusId=-1, quotedStatus=null}
2016-06-07 19:59:11 INFO  Main:126 - 738607817116909568 Kawal & Pantau Harga:@yohanesgultom terimakasih atas laporannya
2016-06-07 19:59:11 INFO  Main:128 - Reply: I have no answer for that.
2016-06-07 19:59:11 INFO  Main:130 - Reply status: StatusJSONImpl{createdAt=Tue Jun 07 19:59:11 WIB 2016, id=740166213372760064, text='@pantauharga I have no answer for that.', source='<a href="http://yohanes.gultom.me" rel="nofollow">Twibot ALICE</a>', isTruncated=false, inReplyToStatusId=-1, inReplyToUserId=4042095854, isFavorited=false, isRetweeted=false, favoriteCount=0, inReplyToScreenName='pantauharga', geoLocation=null, place=null, retweetCount=0, isPossiblySensitive=false, lang='en', contributorsIDs=[], retweetedStatus=null, userMentionEntities=[UserMentionEntityJSONImpl{name='Kawal & Pantau Harga', screenName='pantauharga', id=4042095854}], urlEntities=[], hashtagEntities=[], mediaEntities=[], symbolEntities=[], currentUserRetweetId=-1, user=UserJSONImpl{id=85216696, name='Yohanes Gultom', screenName='yohanesgultom', location='Indonesia', description='Yohanan -Yəhôḥānān : Jehovah is gracious. Software engineer & technology enthusiast', isContributorsEnabled=false, profileImageUrl='http://pbs.twimg.com/profile_images/487200338387038208/-nigI7Q5_normal.jpeg', profileImageUrlHttps='https://pbs.twimg.com/profile_images/487200338387038208/-nigI7Q5_normal.jpeg', isDefaultProfileImage=false, url='http://t.co/3ffoAxfO4S', isProtected=false, followersCount=634, status=null, profileBackgroundColor='022330', profileTextColor='333333', profileLinkColor='0084B4', profileSidebarFillColor='C0DFEC', profileSidebarBorderColor='A8C7F7', profileUseBackgroundImage=true, isDefaultProfile=false, showAllInlineMedia=false, friendsCount=512, createdAt=Mon Oct 26 09:12:27 WIB 2009, favouritesCount=10, utcOffset=25200, timeZone='Jakarta', profileBackgroundImageUrl='http://pbs.twimg.com/profile_background_images/49621557/lion_tribe_judah.jpg', profileBackgroundImageUrlHttps='https://pbs.twimg.com/profile_background_images/49621557/lion_tribe_judah.jpg', profileBackgroundTiled=false, lang='en', statusesCount=4978, isGeoEnabled=true, isVerified=false, translator=false, listedCount=18, isFollowRequestSent=false, withheldInCountries=null}, withHeldInCountries=null, quotedStatusId=-1, quotedStatus=null}
2016-06-07 19:59:11 INFO  Main:126 - 731647508619763712 Telkom Care:@yohanesgultom Hai Pak Yohanes, saat ini kami hanya menyediakan channel yg sdh ditentukan. Utk info cek di https://t.co/UGge0AqVU1 ^AA
2016-06-07 19:59:11 INFO  Main:128 - Reply: I have no answer for that.    I have no answer for that.    I have no answer for that.
2016-06-07 19:59:12 INFO  Main:130 - Reply status: StatusJSONImpl{createdAt=Tue Jun 07 19:59:11 WIB 2016, id=740166214790451200, text='@TelkomCare I have no answer for that.    I have no answer for that.    I have no answer for that.', source='<a href="http://yohanes.gultom.me" rel="nofollow">Twibot ALICE</a>', isTruncated=false, inReplyToStatusId=-1, inReplyToUserId=155409802, isFavorited=false, isRetweeted=false, favoriteCount=0, inReplyToScreenName='TelkomCare', geoLocation=null, place=null, retweetCount=0, isPossiblySensitive=false, lang='en', contributorsIDs=[], retweetedStatus=null, userMentionEntities=[UserMentionEntityJSONImpl{name='Telkom Care', screenName='TelkomCare', id=155409802}], urlEntities=[], hashtagEntities=[], mediaEntities=[], symbolEntities=[], currentUserRetweetId=-1, user=UserJSONImpl{id=85216696, name='Yohanes Gultom', screenName='yohanesgultom', location='Indonesia', description='Yohanan -Yəhôḥānān : Jehovah is gracious. Software engineer & technology enthusiast', isContributorsEnabled=false, profileImageUrl='http://pbs.twimg.com/profile_images/487200338387038208/-nigI7Q5_normal.jpeg', profileImageUrlHttps='https://pbs.twimg.com/profile_images/487200338387038208/-nigI7Q5_normal.jpeg', isDefaultProfileImage=false, url='http://t.co/3ffoAxfO4S', isProtected=false, followersCount=634, status=null, profileBackgroundColor='022330', profileTextColor='333333', profileLinkColor='0084B4', profileSidebarFillColor='C0DFEC', profileSidebarBorderColor='A8C7F7', profileUseBackgroundImage=true, isDefaultProfile=false, showAllInlineMedia=false, friendsCount=512, createdAt=Mon Oct 26 09:12:27 WIB 2009, favouritesCount=10, utcOffset=25200, timeZone='Jakarta', profileBackgroundImageUrl='http://pbs.twimg.com/profile_background_images/49621557/lion_tribe_judah.jpg', profileBackgroundImageUrlHttps='https://pbs.twimg.com/profile_background_images/49621557/lion_tribe_judah.jpg', profileBackgroundTiled=false, lang='en', statusesCount=4979, isGeoEnabled=true, isVerified=false, translator=false, listedCount=18, isFollowRequestSent=false, withheldInCountries=null}, withHeldInCountries=null, quotedStatusId=-1, quotedStatus=null}
2016-06-07 19:59:12 INFO  Main:126 - 728003423807918080 BNI:@yohanesgultom baik terimakasih atas informasi yang diberikan
2016-06-07 19:59:12 INFO  Main:128 - Reply: I have no answer for that.
2016-06-07 19:59:12 INFO  Main:130 - Reply status: StatusJSONImpl{createdAt=Tue Jun 07 19:59:12 WIB 2016, id=740166216464011266, text='@BNI I have no answer for that.', source='<a href="http://yohanes.gultom.me" rel="nofollow">Twibot ALICE</a>', isTruncated=false, inReplyToStatusId=-1, inReplyToUserId=62455266, isFavorited=false, isRetweeted=false, favoriteCount=0, inReplyToScreenName='BNI', geoLocation=null, place=null, retweetCount=0, isPossiblySensitive=false, lang='en', contributorsIDs=[], retweetedStatus=null, userMentionEntities=[UserMentionEntityJSONImpl{name='BNI', screenName='BNI', id=62455266}], urlEntities=[], hashtagEntities=[], mediaEntities=[], symbolEntities=[], currentUserRetweetId=-1, user=UserJSONImpl{id=85216696, name='Yohanes Gultom', screenName='yohanesgultom', location='Indonesia', description='Yohanan -Yəhôḥānān : Jehovah is gracious. Software engineer & technology enthusiast', isContributorsEnabled=false, profileImageUrl='http://pbs.twimg.com/profile_images/487200338387038208/-nigI7Q5_normal.jpeg', profileImageUrlHttps='https://pbs.twimg.com/profile_images/487200338387038208/-nigI7Q5_normal.jpeg', isDefaultProfileImage=false, url='http://t.co/3ffoAxfO4S', isProtected=false, followersCount=634, status=null, profileBackgroundColor='022330', profileTextColor='333333', profileLinkColor='0084B4', profileSidebarFillColor='C0DFEC', profileSidebarBorderColor='A8C7F7', profileUseBackgroundImage=true, isDefaultProfile=false, showAllInlineMedia=false, friendsCount=512, createdAt=Mon Oct 26 09:12:27 WIB 2009, favouritesCount=10, utcOffset=25200, timeZone='Jakarta', profileBackgroundImageUrl='http://pbs.twimg.com/profile_background_images/49621557/lion_tribe_judah.jpg', profileBackgroundImageUrlHttps='https://pbs.twimg.com/profile_background_images/49621557/lion_tribe_judah.jpg', profileBackgroundTiled=false, lang='en', statusesCount=4980, isGeoEnabled=true, isVerified=false, translator=false, listedCount=18, isFollowRequestSent=false, withheldInCountries=null}, withHeldInCountries=null, quotedStatusId=-1, quotedStatus=null}
2016-06-07 19:59:12 INFO  Main:126 - 718072133889298434 AQUA:@yohanesgultom Perlu Cinta ingetin buat minum AQUA? #AdaAQUA https://t.co/L5wS7Wy2hz
2016-06-07 19:59:12 INFO  Main:128 - Reply: I have no answer for that.    I have no answer for that.    I have no answer for that.
2016-06-07 19:59:12 INFO  Main:130 - Reply status: StatusJSONImpl{createdAt=Tue Jun 07 19:59:12 WIB 2016, id=740166217927917569, text='@sehatAQUA I have no answer for that.    I have no answer for that.    I have no answer for that.', source='<a href="http://yohanes.gultom.me" rel="nofollow">Twibot ALICE</a>', isTruncated=false, inReplyToStatusId=-1, inReplyToUserId=121657158, isFavorited=false, isRetweeted=false, favoriteCount=0, inReplyToScreenName='sehatAQUA', geoLocation=null, place=null, retweetCount=0, isPossiblySensitive=false, lang='en', contributorsIDs=[], retweetedStatus=null, userMentionEntities=[UserMentionEntityJSONImpl{name='AQUA', screenName='sehatAQUA', id=121657158}], urlEntities=[], hashtagEntities=[], mediaEntities=[], symbolEntities=[], currentUserRetweetId=-1, user=UserJSONImpl{id=85216696, name='Yohanes Gultom', screenName='yohanesgultom', location='Indonesia', description='Yohanan -Yəhôḥānān : Jehovah is gracious. Software engineer & technology enthusiast', isContributorsEnabled=false, profileImageUrl='http://pbs.twimg.com/profile_images/487200338387038208/-nigI7Q5_normal.jpeg', profileImageUrlHttps='https://pbs.twimg.com/profile_images/487200338387038208/-nigI7Q5_normal.jpeg', isDefaultProfileImage=false, url='http://t.co/3ffoAxfO4S', isProtected=false, followersCount=634, status=null, profileBackgroundColor='022330', profileTextColor='333333', profileLinkColor='0084B4', profileSidebarFillColor='C0DFEC', profileSidebarBorderColor='A8C7F7', profileUseBackgroundImage=true, isDefaultProfile=false, showAllInlineMedia=false, friendsCount=512, createdAt=Mon Oct 26 09:12:27 WIB 2009, favouritesCount=10, utcOffset=25200, timeZone='Jakarta', profileBackgroundImageUrl='http://pbs.twimg.com/profile_background_images/49621557/lion_tribe_judah.jpg', profileBackgroundImageUrlHttps='https://pbs.twimg.com/profile_background_images/49621557/lion_tribe_judah.jpg', profileBackgroundTiled=false, lang='en', statusesCount=4981, isGeoEnabled=true, isVerified=false, translator=false, listedCount=18, isFollowRequestSent=false, withheldInCountries=null}, withHeldInCountries=null, quotedStatusId=-1, quotedStatus=null}
2016-06-07 19:59:12 INFO  Main:126 - 694844631847022593 Cloud Kilat:@yohanesgultom ada dokumen yg blm lengkap gan
2016-06-07 19:59:12 INFO  Main:128 - Reply: I have no answer for that.
2016-06-07 19:59:13 INFO  Main:130 - Reply status: StatusJSONImpl{createdAt=Tue Jun 07 19:59:12 WIB 2016, id=740166219433574400, text='@cloudkilat I have no answer for that.', source='<a href="http://yohanes.gultom.me" rel="nofollow">Twibot ALICE</a>', isTruncated=false, inReplyToStatusId=-1, inReplyToUserId=1014479004, isFavorited=false, isRetweeted=false, favoriteCount=0, inReplyToScreenName='cloudkilat', geoLocation=null, place=null, retweetCount=0, isPossiblySensitive=false, lang='en', contributorsIDs=[], retweetedStatus=null, userMentionEntities=[UserMentionEntityJSONImpl{name='Cloud Kilat', screenName='cloudkilat', id=1014479004}], urlEntities=[], hashtagEntities=[], mediaEntities=[], symbolEntities=[], currentUserRetweetId=-1, user=UserJSONImpl{id=85216696, name='Yohanes Gultom', screenName='yohanesgultom', location='Indonesia', description='Yohanan -Yəhôḥānān : Jehovah is gracious. Software engineer & technology enthusiast', isContributorsEnabled=false, profileImageUrl='http://pbs.twimg.com/profile_images/487200338387038208/-nigI7Q5_normal.jpeg', profileImageUrlHttps='https://pbs.twimg.com/profile_images/487200338387038208/-nigI7Q5_normal.jpeg', isDefaultProfileImage=false, url='http://t.co/3ffoAxfO4S', isProtected=false, followersCount=634, status=null, profileBackgroundColor='022330', profileTextColor='333333', profileLinkColor='0084B4', profileSidebarFillColor='C0DFEC', profileSidebarBorderColor='A8C7F7', profileUseBackgroundImage=true, isDefaultProfile=false, showAllInlineMedia=false, friendsCount=512, createdAt=Mon Oct 26 09:12:27 WIB 2009, favouritesCount=10, utcOffset=25200, timeZone='Jakarta', profileBackgroundImageUrl='http://pbs.twimg.com/profile_background_images/49621557/lion_tribe_judah.jpg', profileBackgroundImageUrlHttps='https://pbs.twimg.com/profile_background_images/49621557/lion_tribe_judah.jpg', profileBackgroundTiled=false, lang='en', statusesCount=4982, isGeoEnabled=true, isVerified=false, translator=false, listedCount=18, isFollowRequestSent=false, withheldInCountries=null}, withHeldInCountries=null, quotedStatusId=-1, quotedStatus=null}
2016-06-07 19:59:13 INFO  Main:126 - 684577399070015488 Willy F. Candra:@yohanesgultom Halo yohanes.. I sent you an email to your gmail. Feel free to take a look, thank you :)
2016-06-07 19:59:13 INFO  Main:128 - Reply: I have no answer for that.    I have no answer for that.    I have no answer for that.    I have no answer for that.
2016-06-07 19:59:13 INFO  Main:130 - Reply status: StatusJSONImpl{createdAt=Tue Jun 07 19:59:13 WIB 2016, id=740166220817649664, text='@will_f_candra I have no answer for that.    I have no answer for that.    I have no answer for that.    I have no answer for that.', source='<a href="http://yohanes.gultom.me" rel="nofollow">Twibot ALICE</a>', isTruncated=false, inReplyToStatusId=-1, inReplyToUserId=598115324, isFavorited=false, isRetweeted=false, favoriteCount=0, inReplyToScreenName='will_f_candra', geoLocation=null, place=null, retweetCount=0, isPossiblySensitive=false, lang='en', contributorsIDs=[], retweetedStatus=null, userMentionEntities=[UserMentionEntityJSONImpl{name='Willy F. Candra', screenName='will_f_candra', id=598115324}], urlEntities=[], hashtagEntities=[], mediaEntities=[], symbolEntities=[], currentUserRetweetId=-1, user=UserJSONImpl{id=85216696, name='Yohanes Gultom', screenName='yohanesgultom', location='Indonesia', description='Yohanan -Yəhôḥānān : Jehovah is gracious. Software engineer & technology enthusiast', isContributorsEnabled=false, profileImageUrl='http://pbs.twimg.com/profile_images/487200338387038208/-nigI7Q5_normal.jpeg', profileImageUrlHttps='https://pbs.twimg.com/profile_images/487200338387038208/-nigI7Q5_normal.jpeg', isDefaultProfileImage=false, url='http://t.co/3ffoAxfO4S', isProtected=false, followersCount=634, status=null, profileBackgroundColor='022330', profileTextColor='333333', profileLinkColor='0084B4', profileSidebarFillColor='C0DFEC', profileSidebarBorderColor='A8C7F7', profileUseBackgroundImage=true, isDefaultProfile=false, showAllInlineMedia=false, friendsCount=512, createdAt=Mon Oct 26 09:12:27 WIB 2009, favouritesCount=10, utcOffset=25200, timeZone='Jakarta', profileBackgroundImageUrl='http://pbs.twimg.com/profile_background_images/49621557/lion_tribe_judah.jpg', profileBackgroundImageUrlHttps='https://pbs.twimg.com/profile_background_images/49621557/lion_tribe_judah.jpg', profileBackgroundTiled=false, lang='en', statusesCount=4983, isGeoEnabled=true, isVerified=false, translator=false, listedCount=18, isFollowRequestSent=false, withheldInCountries=null}, withHeldInCountries=null, quotedStatusId=-1, quotedStatus=null}
2016-06-07 19:59:13 INFO  Main:126 - 682153033254461440 intan sari:@yohanesgultom sudah lama menikah tp belum diberi keturunan?ini ada panduan bagus ,silahkan di coba>>https://t.co/aLm9HDEIxb  #tipshamil
2016-06-07 19:59:13 INFO  Main:128 - Reply: I have no answer for that.    I have no answer for that.    I have no answer for that.
2016-06-07 19:59:14 INFO  Main:130 - Reply status: StatusJSONImpl{createdAt=Tue Jun 07 19:59:13 WIB 2016, id=740166222398906368, text='@intansa11685841 I have no answer for that.    I have no answer for that.    I have no answer for that.', source='<a href="http://yohanes.gultom.me" rel="nofollow">Twibot ALICE</a>', isTruncated=false, inReplyToStatusId=-1, inReplyToUserId=3762350478, isFavorited=false, isRetweeted=false, favoriteCount=0, inReplyToScreenName='intansa11685841', geoLocation=null, place=null, retweetCount=0, isPossiblySensitive=false, lang='en', contributorsIDs=[], retweetedStatus=null, userMentionEntities=[UserMentionEntityJSONImpl{name='intan sari', screenName='intansa11685841', id=3762350478}], urlEntities=[], hashtagEntities=[], mediaEntities=[], symbolEntities=[], currentUserRetweetId=-1, user=UserJSONImpl{id=85216696, name='Yohanes Gultom', screenName='yohanesgultom', location='Indonesia', description='Yohanan -Yəhôḥānān : Jehovah is gracious. Software engineer & technology enthusiast', isContributorsEnabled=false, profileImageUrl='http://pbs.twimg.com/profile_images/487200338387038208/-nigI7Q5_normal.jpeg', profileImageUrlHttps='https://pbs.twimg.com/profile_images/487200338387038208/-nigI7Q5_normal.jpeg', isDefaultProfileImage=false, url='http://t.co/3ffoAxfO4S', isProtected=false, followersCount=634, status=null, profileBackgroundColor='022330', profileTextColor='333333', profileLinkColor='0084B4', profileSidebarFillColor='C0DFEC', profileSidebarBorderColor='A8C7F7', profileUseBackgroundImage=true, isDefaultProfile=false, showAllInlineMedia=false, friendsCount=512, createdAt=Mon Oct 26 09:12:27 WIB 2009, favouritesCount=10, utcOffset=25200, timeZone='Jakarta', profileBackgroundImageUrl='http://pbs.twimg.com/profile_background_images/49621557/lion_tribe_judah.jpg', profileBackgroundImageUrlHttps='https://pbs.twimg.com/profile_background_images/49621557/lion_tribe_judah.jpg', profileBackgroundTiled=false, lang='en', statusesCount=4984, isGeoEnabled=true, isVerified=false, translator=false, listedCount=18, isFollowRequestSent=false, withheldInCountries=null}, withHeldInCountries=null, quotedStatusId=-1, quotedStatus=null}
2016-06-07 19:59:14 INFO  Main:126 - 673265708231364609 Fani hanipa:Wow.. @yohanesgultom  Akhirnya TERUNGKAP! Metode belajar bahasa inggris super cepat! Info>> https://t.co/aktQWC7kTf
2016-06-07 19:59:14 INFO  Main:128 - Reply: I have no answer for that.    I have no answer for that.    I have no answer for that.    I have no answer for that.    I have no answer for that.    I have no answer for that.
2016-06-07 19:59:14 ERROR Main:135 - 403:The request is understood, but it has been refused. An accompanying error message will explain why. This code is used when requests are being denied due to update limits (https://support.twitter.com/articles/15364-about-twitter-limits-update-api-dm-and-following).
message - Status is over 140 characters.
code - 186

403:The request is understood, but it has been refused. An accompanying error message will explain why. This code is used when requests are being denied due to update limits (https://support.twitter.com/articles/15364-about-twitter-limits-update-api-dm-and-following).
message - Status is over 140 characters.
code - 186

Relevant discussions can be found on the Internet at:
	http://www.google.co.jp/search?q=2fc5b7cb or
	http://www.google.co.jp/search?q=0ea287d2
TwitterException{exceptionCode=[2fc5b7cb-0ea287d2], statusCode=403, message=Status is over 140 characters., code=186, retryAfter=-1, rateLimitStatus=null, version=4.0.4}
	at twitter4j.HttpClientImpl.handleRequest(HttpClientImpl.java:164)
	at twitter4j.HttpClientBase.request(HttpClientBase.java:57)
	at twitter4j.HttpClientBase.post(HttpClientBase.java:86)
	at twitter4j.TwitterImpl.post(TwitterImpl.java:1822)
	at twitter4j.TwitterImpl.updateStatus(TwitterImpl.java:207)
	at id.yohanes.twibot.Main.main(Main.java:129)
	at sun.reflect.NativeMethodAccessorImpl.invoke0(Native Method)
	at sun.reflect.NativeMethodAccessorImpl.invoke(NativeMethodAccessorImpl.java:62)
	at sun.reflect.DelegatingMethodAccessorImpl.invoke(DelegatingMethodAccessorImpl.java:43)
	at java.lang.reflect.Method.invoke(Method.java:498)
	at com.intellij.rt.execution.application.AppMain.main(AppMain.java:144)
2016-06-07 20:05:26 INFO  Main:69 - Database creation: false
2016-06-07 20:05:26 INFO  Main:120 - Last tweet id: 0
2016-06-07 20:05:28 INFO  Main:126 - 740166146561708032 Media Sosial:@yohanesgultom hello
2016-06-07 20:05:28 INFO  Main:126 - 738607817116909568 Kawal & Pantau Harga:@yohanesgultom terimakasih atas laporannya
2016-06-07 20:05:28 INFO  Main:126 - 731647508619763712 Telkom Care:@yohanesgultom Hai Pak Yohanes, saat ini kami hanya menyediakan channel yg sdh ditentukan. Utk info cek di https://t.co/UGge0AqVU1 ^AA
2016-06-07 20:05:28 INFO  Main:126 - 728003423807918080 BNI:@yohanesgultom baik terimakasih atas informasi yang diberikan
2016-06-07 20:05:28 INFO  Main:126 - 718072133889298434 AQUA:@yohanesgultom Perlu Cinta ingetin buat minum AQUA? #AdaAQUA https://t.co/L5wS7Wy2hz
2016-06-07 20:05:28 INFO  Main:126 - 694844631847022593 Cloud Kilat:@yohanesgultom ada dokumen yg blm lengkap gan
2016-06-07 20:05:28 INFO  Main:126 - 684577399070015488 Willy F. Candra:@yohanesgultom Halo yohanes.. I sent you an email to your gmail. Feel free to take a look, thank you :)
2016-06-07 20:05:28 INFO  Main:126 - 682153033254461440 intan sari:@yohanesgultom sudah lama menikah tp belum diberi keturunan?ini ada panduan bagus ,silahkan di coba>>https://t.co/aLm9HDEIxb  #tipshamil
2016-06-07 20:05:28 INFO  Main:126 - 673265708231364609 Fani hanipa:Wow.. @yohanesgultom  Akhirnya TERUNGKAP! Metode belajar bahasa inggris super cepat! Info>> https://t.co/aktQWC7kTf
2016-06-07 20:05:28 INFO  Main:126 - 670971112302489602 Septian Ahmad R S:Newest Download-Freebies/Giveaway is out! https://t.co/c2HVtbxkLw Stories via @yohanesgultom @manualdownloads @faydeals
2016-06-07 20:05:28 INFO  Main:126 - 670124887982256128 Leonardo:@yohanesgultom damn. "Yes. All prices displayed are inclusive of import/customs duties and taxes."
2016-06-07 20:05:28 INFO  Main:126 - 670124035850633216 Leonardo:@yohanesgultom selain itu biaya pajak masuk juga mahal banget kan ya?
2016-06-07 20:05:28 INFO  Main:126 - 669472665871196160 Telkom Care:@yohanesgultom Terimakasih atas saran & supportnya Pak. Kami akan mengevaluasi kembali agar memberikan pelayanan yg terbaik kedepannya. ^DL
2016-06-07 20:05:28 INFO  Main:126 - 669453359527682048 Telkom Care:@yohanesgultom Sdh kami bantu koordinasikan ya Pak Yohanes, ditunggu perbaikannya. Trims ^MM
2016-06-07 20:05:28 INFO  Main:126 - 669421358032560128 Telkom Care:@yohanesgultom Siang Pak Yohanes, untuk kendalanya Kami bantu follow up agar segera tersolusikan ya. ^CN
2016-06-07 20:05:28 INFO  Main:126 - 669420175423365120 Telkom Care:@yohanesgultom Terkait kendala-nya sudah kami bantu koordinasikan kembali laporannya ya Pak agar segera tersolusikan.  ^DA
2016-06-07 20:05:28 INFO  Main:126 - 669420136546308096 Telkom Care:@yohanesgultom Siang Pak Yohanes, terkait kendalanya sudah Kami bantu follow up. Kami upayakan percepatan perbaikannya ya. Trims :) ^DD
2016-06-07 20:05:28 INFO  Main:126 - 669378903492825092 Claus Sibarani:Ayo ikuti kuis dari @YamahaIndonesia berhadiah #MeForMioM3 & pulsa @davidgultom @shintauligtm13 @yohanesgultom @GultomKrissel @perisgultom
2016-06-07 20:05:28 INFO  Main:90 - 18 new tweet inserted
2016-06-07 20:05:47 INFO  Main:69 - Database creation: false
2016-06-07 20:05:47 INFO  Main:120 - Last tweet id: 740166146561708032
2016-06-07 20:05:49 INFO  Main:90 - 0 new tweet inserted
2016-06-07 20:07:50 INFO  Main:69 - Database creation: false
2016-06-07 20:07:50 INFO  Main:120 - Last tweet id: 740166146561708032
2016-06-07 20:07:51 INFO  Main:126 - 740168319739658241 Media Sosial:@yohanesgultom what is your name
2016-06-07 20:07:51 INFO  Main:129 - Reply: I have no answer for that.
2016-06-07 20:07:51 INFO  Main:131 - Reply status: StatusJSONImpl{createdAt=Tue Jun 07 20:07:51 WIB 2016, id=740168395262332928, text='@medi4sosial I have no answer for that.', source='<a href="http://yohanes.gultom.me" rel="nofollow">Twibot ALICE</a>', isTruncated=false, inReplyToStatusId=-1, inReplyToUserId=714254912146640896, isFavorited=false, isRetweeted=false, favoriteCount=0, inReplyToScreenName='medi4sosial', geoLocation=null, place=null, retweetCount=0, isPossiblySensitive=false, lang='en', contributorsIDs=[], retweetedStatus=null, userMentionEntities=[UserMentionEntityJSONImpl{name='Media Sosial', screenName='medi4sosial', id=714254912146640896}], urlEntities=[], hashtagEntities=[], mediaEntities=[], symbolEntities=[], currentUserRetweetId=-1, user=UserJSONImpl{id=85216696, name='Yohanes Gultom', screenName='yohanesgultom', location='Indonesia', description='Yohanan -Yəhôḥānān : Jehovah is gracious. Software engineer & technology enthusiast', isContributorsEnabled=false, profileImageUrl='http://pbs.twimg.com/profile_images/487200338387038208/-nigI7Q5_normal.jpeg', profileImageUrlHttps='https://pbs.twimg.com/profile_images/487200338387038208/-nigI7Q5_normal.jpeg', isDefaultProfileImage=false, url='http://t.co/3ffoAxfO4S', isProtected=false, followersCount=634, status=null, profileBackgroundColor='022330', profileTextColor='333333', profileLinkColor='0084B4', profileSidebarFillColor='C0DFEC', profileSidebarBorderColor='A8C7F7', profileUseBackgroundImage=true, isDefaultProfile=false, showAllInlineMedia=false, friendsCount=512, createdAt=Mon Oct 26 09:12:27 WIB 2009, favouritesCount=10, utcOffset=25200, timeZone='Jakarta', profileBackgroundImageUrl='http://pbs.twimg.com/profile_background_images/49621557/lion_tribe_judah.jpg', profileBackgroundImageUrlHttps='https://pbs.twimg.com/profile_background_images/49621557/lion_tribe_judah.jpg', profileBackgroundTiled=false, lang='en', statusesCount=4977, isGeoEnabled=true, isVerified=false, translator=false, listedCount=18, isFollowRequestSent=false, withheldInCountries=null}, withHeldInCountries=null, quotedStatusId=-1, quotedStatus=null}
2016-06-07 20:07:51 INFO  Main:90 - 1 new tweet inserted
2016-06-07 20:30:05 ERROR Main:115 - Please provide path to twibot home
2016-06-07 20:31:54 INFO  Main:68 - Database creation: false
2016-06-07 20:31:54 INFO  Main:119 - Last tweet id: 740166146561708032
2016-06-07 20:31:56 INFO  Main:125 - 740168319739658241 Media Sosial:@yohanesgultom what is your name
2016-06-07 20:31:56 INFO  Main:129 - Reply: I am ALICE 2.0.
2016-06-07 20:31:56 INFO  Main:131 - Reply status: StatusJSONImpl{createdAt=Tue Jun 07 20:31:56 WIB 2016, id=740174454626516992, text='@medi4sosial I am ALICE 2.0.', source='<a href="http://yohanes.gultom.me" rel="nofollow">Twibot ALICE</a>', isTruncated=false, inReplyToStatusId=-1, inReplyToUserId=714254912146640896, isFavorited=false, isRetweeted=false, favoriteCount=0, inReplyToScreenName='medi4sosial', geoLocation=null, place=null, retweetCount=0, isPossiblySensitive=false, lang='en', contributorsIDs=[], retweetedStatus=null, userMentionEntities=[UserMentionEntityJSONImpl{name='Media Sosial', screenName='medi4sosial', id=714254912146640896}], urlEntities=[], hashtagEntities=[], mediaEntities=[], symbolEntities=[], currentUserRetweetId=-1, user=UserJSONImpl{id=85216696, name='Yohanes Gultom', screenName='yohanesgultom', location='Indonesia', description='Yohanan -Yəhôḥānān : Jehovah is gracious. Software engineer & technology enthusiast', isContributorsEnabled=false, profileImageUrl='http://pbs.twimg.com/profile_images/487200338387038208/-nigI7Q5_normal.jpeg', profileImageUrlHttps='https://pbs.twimg.com/profile_images/487200338387038208/-nigI7Q5_normal.jpeg', isDefaultProfileImage=false, url='http://t.co/3ffoAxfO4S', isProtected=false, followersCount=634, status=null, profileBackgroundColor='022330', profileTextColor='333333', profileLinkColor='0084B4', profileSidebarFillColor='C0DFEC', profileSidebarBorderColor='A8C7F7', profileUseBackgroundImage=true, isDefaultProfile=false, showAllInlineMedia=false, friendsCount=512, createdAt=Mon Oct 26 09:12:27 WIB 2009, favouritesCount=10, utcOffset=25200, timeZone='Jakarta', profileBackgroundImageUrl='http://pbs.twimg.com/profile_background_images/49621557/lion_tribe_judah.jpg', profileBackgroundImageUrlHttps='https://pbs.twimg.com/profile_background_images/49621557/lion_tribe_judah.jpg', profileBackgroundTiled=false, lang='en', statusesCount=4978, isGeoEnabled=true, isVerified=false, translator=false, listedCount=18, isFollowRequestSent=false, withheldInCountries=null}, withHeldInCountries=null, quotedStatusId=-1, quotedStatus=null}
2016-06-07 20:31:56 WARN  Main:86 - Unique index or primary key violation: "PRIMARY KEY ON PUBLIC.TWEET(ID)"; SQL statement:
INSERT INTO tweet(id, username, text, created_date) VALUES(?,?,?,?) [23505-192]
2016-06-07 20:31:56 INFO  Main:89 - 0 new tweet inserted
